[21:06:06] [debug]: Renderer Initilised
[21:06:06] [info]: PhysX 5 Initilised
[21:06:08] [debug]: OnContact
[21:06:09] [debug]: OnContact
[21:06:09] [debug]: OnContact
[21:06:10] [debug]: OnContact
[21:06:10] [debug]: OnContact
[21:06:10] [debug]: OnContact
[21:06:11] [debug]: OnContact
[21:06:11] [debug]: OnContact
[21:06:12] [debug]: OnContact
[21:06:12] [debug]: OnContact
[21:06:12] [info]: Force Change
[21:06:12] [debug]: OnContact
[21:06:13] [debug]: OnContact
[21:06:13] [debug]: OnContact
[21:06:13] [debug]: OnContact
[21:06:13] [debug]: OnContact
[21:06:13] [debug]: OnContact
[21:06:13] [debug]: OnContact
[21:06:14] [debug]: OnContact
[21:06:14] [debug]: OnContact
[21:06:15] [debug]: OnContact
[21:06:15] [debug]: OnContact
[21:06:15] [debug]: OnContact
[21:06:16] [debug]: OnContact
[21:06:16] [debug]: OnContact
[21:06:16] [debug]: OnContact
[21:06:16] [debug]: OnContact
[21:06:16] [debug]: OnContact
[21:06:17] [debug]: OnContact
[21:06:17] [info]: Force Change
[21:06:17] [debug]: OnContact
[21:06:18] [debug]: OnContact
[21:06:18] [debug]: OnContact
[21:06:18] [debug]: OnContact
[21:06:18] [debug]: OnContact
[21:06:19] [debug]: OnContact
[21:06:19] [debug]: OnContact
[21:06:20] [debug]: OnContact
[21:06:20] [debug]: OnContact
[21:06:20] [debug]: Renderer shutdown
