[11:33:25] [debug]: Renderer Initilised
[11:33:25] [info]: Physics Initialising
[11:33:25] [info]: PhysX 5 Initilised
[11:33:30] [info]: OnBegin C# call to C++
[11:33:30] [warning]: OnBegin C# call to C++
[11:33:30] [debug]: OnBegin C# call to C++
[11:33:30] [error]: OnBegin C# call to C++
[11:33:31] [debug]: OnUpdate from script one
[11:33:31] [debug]: OnUpdate from script one
[11:33:31] [debug]: OnUpdate from script one
[11:33:31] [debug]: OnUpdate from script one
[11:33:31] [debug]: OnUpdate from script one
[11:33:31] [debug]: OnUpdate from script one
[11:33:31] [debug]: OnUpdate from script one
[11:33:31] [debug]: OnUpdate from script one
[11:33:31] [debug]: OnUpdate from script one
[11:33:31] [debug]: OnUpdate from script one
[11:33:31] [debug]: OnUpdate from script one
[11:33:31] [debug]: OnUpdate from script one
[11:33:31] [debug]: OnUpdate from script one
[11:33:31] [debug]: OnUpdate from script one
[11:33:31] [debug]: OnUpdate from script one
[11:33:31] [debug]: OnUpdate from script one
[11:33:31] [debug]: OnUpdate from script one
[11:33:31] [debug]: OnUpdate from script one
[11:33:31] [debug]: OnUpdate from script one
[11:33:31] [debug]: OnUpdate from script one
[11:33:31] [debug]: OnUpdate from script one
[11:33:31] [debug]: OnUpdate from script one
[11:33:31] [debug]: OnUpdate from script one
[11:33:31] [debug]: OnUpdate from script one
[11:33:31] [debug]: OnUpdate from script one
[11:33:31] [debug]: OnUpdate from script one
[11:33:31] [debug]: OnUpdate from script one
[11:33:31] [debug]: OnUpdate from script one
[11:33:31] [debug]: OnUpdate from script one
[11:33:31] [debug]: OnUpdate from script one
[11:33:31] [debug]: OnUpdate from script one
[11:33:31] [debug]: OnUpdate from script one
[11:33:31] [debug]: OnUpdate from script one
[11:33:31] [debug]: OnUpdate from script one
[11:33:31] [debug]: OnUpdate from script one
[11:33:31] [debug]: OnUpdate from script one
[11:33:31] [debug]: OnUpdate from script one
[11:33:31] [debug]: OnUpdate from script one
[11:33:31] [debug]: OnUpdate from script one
[11:33:31] [debug]: OnUpdate from script one
[11:33:31] [debug]: OnUpdate from script one
[11:33:31] [debug]: OnUpdate from script one
[11:33:31] [debug]: OnUpdate from script one
[11:33:31] [debug]: OnUpdate from script one
[11:33:31] [debug]: OnUpdate from script one
[11:33:31] [debug]: OnUpdate from script one
[11:33:31] [debug]: OnUpdate from script one
[11:33:31] [debug]: OnUpdate from script one
[11:33:31] [debug]: OnUpdate from script one
[11:33:31] [debug]: OnUpdate from script one
[11:33:31] [debug]: OnUpdate from script one
[11:33:31] [debug]: OnUpdate from script one
[11:33:31] [debug]: OnUpdate from script one
[11:33:32] [debug]: OnUpdate from script one
[11:33:32] [debug]: OnUpdate from script one
[11:33:32] [debug]: OnUpdate from script one
[11:33:32] [debug]: OnUpdate from script one
[11:33:32] [debug]: OnUpdate from script one
[11:33:32] [debug]: OnUpdate from script one
[11:33:32] [debug]: OnUpdate from script one
[11:33:32] [debug]: OnUpdate from script one
[11:33:32] [debug]: OnUpdate from script one
[11:33:32] [debug]: OnUpdate from script one
[11:33:32] [debug]: OnUpdate from script one
[11:33:32] [debug]: OnUpdate from script one
[11:33:32] [debug]: OnUpdate from script one
[11:33:32] [debug]: OnUpdate from script one
[11:33:32] [debug]: OnUpdate from script one
[11:33:32] [debug]: OnUpdate from script one
[11:33:32] [debug]: OnUpdate from script one
[11:33:32] [debug]: OnUpdate from script one
[11:33:32] [debug]: OnUpdate from script one
[11:33:32] [debug]: OnUpdate from script one
[11:33:32] [debug]: OnUpdate from script one
[11:33:32] [debug]: OnUpdate from script one
[11:33:32] [debug]: OnUpdate from script one
[11:33:32] [debug]: OnUpdate from script one
[11:33:39] [info]: OnBegin C# call to C++
[11:33:39] [error]: OnUpdate from script two
[11:33:39] [error]: OnUpdate from script two
[11:33:39] [error]: OnUpdate from script two
[11:33:39] [error]: OnUpdate from script two
[11:33:39] [error]: OnUpdate from script two
[11:33:39] [error]: OnUpdate from script two
[11:33:39] [error]: OnUpdate from script two
[11:33:39] [error]: OnUpdate from script two
[11:33:39] [error]: OnUpdate from script two
[11:33:39] [error]: OnUpdate from script two
[11:33:39] [error]: OnUpdate from script two
[11:33:39] [error]: OnUpdate from script two
[11:33:39] [error]: OnUpdate from script two
[11:33:39] [error]: OnUpdate from script two
[11:33:39] [error]: OnUpdate from script two
[11:33:39] [error]: OnUpdate from script two
[11:33:39] [error]: OnUpdate from script two
[11:33:39] [error]: OnUpdate from script two
[11:33:39] [error]: OnUpdate from script two
[11:33:39] [error]: OnUpdate from script two
[11:33:39] [error]: OnUpdate from script two
[11:33:39] [error]: OnUpdate from script two
[11:33:39] [error]: OnUpdate from script two
[11:33:39] [error]: OnUpdate from script two
[11:33:39] [error]: OnUpdate from script two
[11:33:39] [error]: OnUpdate from script two
[11:33:39] [error]: OnUpdate from script two
[11:33:39] [error]: OnUpdate from script two
[11:33:39] [error]: OnUpdate from script two
[11:33:39] [error]: OnUpdate from script two
[11:33:39] [error]: OnUpdate from script two
[11:33:39] [error]: OnUpdate from script two
[11:33:39] [error]: OnUpdate from script two
[11:33:39] [error]: OnUpdate from script two
[11:33:39] [error]: OnUpdate from script two
[11:33:39] [error]: OnUpdate from script two
[11:33:39] [error]: OnUpdate from script two
[11:33:39] [error]: OnUpdate from script two
[11:33:39] [error]: OnUpdate from script two
[11:33:39] [error]: OnUpdate from script two
[11:33:39] [error]: OnUpdate from script two
[11:33:39] [error]: OnUpdate from script two
[11:33:39] [error]: OnUpdate from script two
[11:33:39] [error]: OnUpdate from script two
[11:33:39] [error]: OnUpdate from script two
[11:33:39] [error]: OnUpdate from script two
[11:33:39] [error]: OnUpdate from script two
[11:33:40] [error]: OnUpdate from script two
[11:33:40] [error]: OnUpdate from script two
[11:33:40] [error]: OnUpdate from script two
[11:33:40] [error]: OnUpdate from script two
[11:33:40] [error]: OnUpdate from script two
[11:33:40] [error]: OnUpdate from script two
[11:33:40] [error]: OnUpdate from script two
[11:33:40] [error]: OnUpdate from script two
[11:33:40] [error]: OnUpdate from script two
[11:33:40] [error]: OnUpdate from script two
[11:33:40] [error]: OnUpdate from script two
[11:33:40] [error]: OnUpdate from script two
[11:33:40] [error]: OnUpdate from script two
[11:33:40] [error]: OnUpdate from script two
[11:33:40] [error]: OnUpdate from script two
[11:33:40] [error]: OnUpdate from script two
[11:33:40] [error]: OnUpdate from script two
[11:33:40] [error]: OnUpdate from script two
[11:33:40] [error]: OnUpdate from script two
[11:33:40] [error]: OnUpdate from script two
[11:33:40] [error]: OnUpdate from script two
[11:33:40] [error]: OnUpdate from script two
[11:33:40] [error]: OnUpdate from script two
[11:33:40] [error]: OnUpdate from script two
[11:33:40] [error]: OnUpdate from script two
[11:33:40] [error]: OnUpdate from script two
[11:33:40] [error]: OnUpdate from script two
[11:33:40] [error]: OnUpdate from script two
[11:33:40] [error]: OnUpdate from script two
[11:33:40] [error]: OnUpdate from script two
[11:33:40] [error]: OnUpdate from script two
[11:33:40] [error]: OnUpdate from script two
[11:33:40] [error]: OnUpdate from script two
[11:33:40] [error]: OnUpdate from script two
[11:33:40] [error]: OnUpdate from script two
[11:33:40] [error]: OnUpdate from script two
[11:33:40] [error]: OnUpdate from script two
[11:33:40] [error]: OnUpdate from script two
[11:33:40] [error]: OnUpdate from script two
[11:33:40] [error]: OnUpdate from script two
[11:33:40] [error]: OnUpdate from script two
[11:33:40] [error]: OnUpdate from script two
[11:33:40] [error]: OnUpdate from script two
[11:33:40] [error]: OnUpdate from script two
[11:33:40] [error]: OnUpdate from script two
[11:33:40] [error]: OnUpdate from script two
[11:33:40] [error]: OnUpdate from script two
[11:33:40] [error]: OnUpdate from script two
[11:33:40] [error]: OnUpdate from script two
[11:33:40] [error]: OnUpdate from script two
[11:33:40] [error]: OnUpdate from script two
[11:33:40] [error]: OnUpdate from script two
[11:33:40] [error]: OnUpdate from script two
[11:33:40] [error]: OnUpdate from script two
[11:33:40] [error]: OnUpdate from script two
[11:33:40] [error]: OnUpdate from script two
[11:33:41] [debug]: Renderer shutdown
